\BOOKMARK [0][-]{chapter*.1}{\315ndice general}{}% 1
\BOOKMARK [0][-]{chapter*.2}{\315ndice de figuras}{}% 2
\BOOKMARK [0][-]{chapter*.3}{\315ndice de cuadros}{}% 3
\BOOKMARK [0][-]{chapter.1}{Introducci\363n}{}% 4
\BOOKMARK [1][-]{section.1.1}{Contexto General}{chapter.1}% 5
\BOOKMARK [1][-]{section.1.2}{El Problema: Desarrollo de Software y Seguridad}{chapter.1}% 6
\BOOKMARK [1][-]{section.1.3}{Motivaci\363n: \277Por qu\351 estudiar el Browser?}{chapter.1}% 7
\BOOKMARK [1][-]{section.1.4}{Contribuciones}{chapter.1}% 8
\BOOKMARK [1][-]{section.1.5}{Metodolog\355a}{chapter.1}% 9
\BOOKMARK [1][-]{section.1.6}{Estructura del Documento}{chapter.1}% 10
\BOOKMARK [0][-]{chapter.2}{Marco Te\363rico - Conceptual Framework}{}% 11
\BOOKMARK [1][-]{section.2.1}{Definiciones B\341sicas}{chapter.2}% 12
\BOOKMARK [1][-]{section.2.2}{Browser}{chapter.2}% 13
\BOOKMARK [2][-]{subsection.2.2.1}{Arquitectura Cliente/Servidor}{section.2.2}% 14
\BOOKMARK [1][-]{section.2.3}{Procesos, Comunicaci\363n e Informaci\363n de Estado}{chapter.2}% 15
\BOOKMARK [2][-]{subsection.2.3.1}{HTTP: Hypertext Transfer Protocol}{section.2.3}% 16
\BOOKMARK [2][-]{subsection.2.3.2}{SSL/TLS Encriptaci\363n en capa de Transporte}{section.2.3}% 17
\BOOKMARK [2][-]{subsection.2.3.3}{Speedy o Protocolo SPDY}{section.2.3}% 18
\BOOKMARK [1][-]{section.2.4}{Tecnolog\355as usadas}{chapter.2}% 19
\BOOKMARK [2][-]{subsection.2.4.1}{Markup Languages}{section.2.4}% 20
\BOOKMARK [2][-]{subsection.2.4.2}{CSS: Cascading Style Sheets}{section.2.4}% 21
\BOOKMARK [2][-]{subsection.2.4.3}{DOM: Document Object Model}{section.2.4}% 22
\BOOKMARK [2][-]{subsection.2.4.4}{Javascript, VBScript y otros}{section.2.4}% 23
\BOOKMARK [2][-]{subsection.2.4.5}{Geolocalizaci\363n}{section.2.4}% 24
\BOOKMARK [2][-]{subsection.2.4.6}{WebWorkers}{section.2.4}% 25
\BOOKMARK [1][-]{section.2.5}{SOP: Same Origin Policy}{chapter.2}% 26
\BOOKMARK [1][-]{section.2.6}{CORS: Cross-Origin Resource Sharing}{chapter.2}% 27
\BOOKMARK [1][-]{section.2.7}{Desaf\355os del Navegador}{chapter.2}% 28
\BOOKMARK [1][-]{section.2.8}{Arquitectura de Referencia o Reference Architecture \(RA\)}{chapter.2}% 29
\BOOKMARK [1][-]{section.2.9}{Desarrollo de Software Seguro y Dise\361o de Software Seguro}{chapter.2}% 30
\BOOKMARK [1][-]{section.2.10}{Patrones}{chapter.2}% 31
\BOOKMARK [1][-]{section.2.11}{Patrones de Mal Uso}{chapter.2}% 32
\BOOKMARK [0][-]{chapter.3}{Marco Te\363rico - \(In\) Seguridad en el Browser}{}% 33
\BOOKMARK [1][-]{section.3.1}{Social Engineering}{chapter.3}% 34
\BOOKMARK [1][-]{section.3.2}{Ataques y Amenazas}{chapter.3}% 35
\BOOKMARK [2][-]{subsection.3.2.1}{Phishing}{section.3.2}% 36
\BOOKMARK [2][-]{subsection.3.2.2}{XSS - Cross-Site Scripting \(DOM\)}{section.3.2}% 37
\BOOKMARK [2][-]{subsection.3.2.3}{CSRF - Cross-Site Request Forgery}{section.3.2}% 38
\BOOKMARK [2][-]{subsection.3.2.4}{Session Fixation}{section.3.2}% 39
\BOOKMARK [1][-]{section.3.3}{Mecanismos de Defensa que se espera que el Host del Browser tenga previamente}{chapter.3}% 40
\BOOKMARK [1][-]{section.3.4}{Mecanismos de Defensa del Browser, para los ataques revisados}{chapter.3}% 41
\BOOKMARK [2][-]{subsection.3.4.1}{Sandboxing de procesos/componentes}{section.3.4}% 42
\BOOKMARK [2][-]{subsection.3.4.2}{Aislaci\363n del contenido web de los componentes del Browser}{section.3.4}% 43
\BOOKMARK [2][-]{subsection.3.4.3}{Blacklist y Whitelist de sitios web}{section.3.4}% 44
\BOOKMARK [2][-]{subsection.3.4.4}{Detecci\363n de Malware por medio de sistemas de Reputaci\363n}{section.3.4}% 45
\BOOKMARK [0][-]{chapter.4}{Arquitectura de Referencia del Web Browser}{}% 46
\BOOKMARK [1][-]{section.4.1}{Casos de Uso del Browser}{chapter.4}% 47
\BOOKMARK [2][-]{subsection.4.1.1}{Stakeholders \(actores\) y Concerns de estos}{section.4.1}% 48
\BOOKMARK [2][-]{subsection.4.1.2}{Casos de Uso}{section.4.1}% 49
\BOOKMARK [1][-]{section.4.2}{Patr\363n Browser Infrastructure}{chapter.4}% 50
\BOOKMARK [2][-]{subsection.4.2.1}{Intent}{section.4.2}% 51
\BOOKMARK [2][-]{subsection.4.2.2}{Ejemplo}{section.4.2}% 52
\BOOKMARK [2][-]{subsection.4.2.3}{Contexto}{section.4.2}% 53
\BOOKMARK [2][-]{subsection.4.2.4}{Problema}{section.4.2}% 54
\BOOKMARK [2][-]{subsection.4.2.5}{Soluci\363n}{section.4.2}% 55
\BOOKMARK [2][-]{subsection.4.2.6}{Estructura}{section.4.2}% 56
\BOOKMARK [2][-]{subsection.4.2.7}{Din\341mica}{section.4.2}% 57
\BOOKMARK [2][-]{subsection.4.2.8}{Implementaci\363n}{section.4.2}% 58
\BOOKMARK [2][-]{subsection.4.2.9}{Consecuencias}{section.4.2}% 59
\BOOKMARK [2][-]{subsection.4.2.10}{Ejemplo Resuelto}{section.4.2}% 60
\BOOKMARK [2][-]{subsection.4.2.11}{Usos Com\372nes}{section.4.2}% 61
\BOOKMARK [2][-]{subsection.4.2.12}{Patrones Asociados}{section.4.2}% 62
\BOOKMARK [0][-]{chapter.5}{Patrones de Mal Uso}{}% 63
\BOOKMARK [1][-]{section.5.1}{Identificando Amenazas y Patrones de Mal Uso}{chapter.5}% 64
\BOOKMARK [1][-]{section.5.2}{Identificando amenazas}{chapter.5}% 65
\BOOKMARK [1][-]{section.5.3}{Patr\363n de Mal Uso: Modificaci\363n de tr\341fico en el Web Browser}{chapter.5}% 66
\BOOKMARK [2][-]{subsection.5.3.1}{Intent}{section.5.3}% 67
\BOOKMARK [2][-]{subsection.5.3.2}{Contexto}{section.5.3}% 68
\BOOKMARK [2][-]{subsection.5.3.3}{Problema}{section.5.3}% 69
\BOOKMARK [2][-]{subsection.5.3.4}{Soluci\363n}{section.5.3}% 70
\BOOKMARK [2][-]{subsection.5.3.5}{Din\341mica}{section.5.3}% 71
\BOOKMARK [2][-]{subsection.5.3.6}{Consecuencias}{section.5.3}% 72
\BOOKMARK [2][-]{subsection.5.3.7}{Contramedidas}{section.5.3}% 73
\BOOKMARK [2][-]{subsection.5.3.8}{Evidencia Forense}{section.5.3}% 74
\BOOKMARK [2][-]{subsection.5.3.9}{Patrones relacionados}{section.5.3}% 75
\BOOKMARK [0][-]{chapter*.27}{Bibliograf\355a}{}% 76
